net	clearing file [/home/kacper/ghrepo/reversi/BATCH]
batch	batch train : cycles count [1000]
1,52,0,0,0,0,0,0,0,0,74
2,55,0,0,0,0,0,0,0,0,69
3,51,0,0,0,0,0,0,0,0,69
4,58,0,0,0,0,0,0,0,0,68
5,50,0,0,0,0,0,0,0,0,71
6,58,0,0,0,0,0,0,0,0,63
7,52,0,0,0,0,0,0,0,0,69
8,51,0,0,0,0,0,0,0,0,65
9,56,0,0,0,0,0,0,0,0,74
10,56,0,0,0,0,0,0,0,0,71
11,54,0,0,0,0,0,0,0,0,71
12,65,0,0,0,0,0,0,0,0,67
13,60,0,0,0,0,0,0,0,0,66
14,52,0,0,0,0,0,0,0,0,65
15,59,0,0,0,0,0,0,0,0,69
16,56,0,0,0,0,0,0,0,0,72
17,62,0,0,0,0,0,0,0,0,73
18,59,0,0,0,0,0,0,0,0,72
19,62,0,0,0,0,0,0,0,0,71
20,67,0,0,0,0,0,0,0,0,67
21,61,0,0,0,0,0,0,0,0,69
22,65,0,0,0,0,0,0,0,0,68
23,63,0,0,0,0,0,0,0,0,71
24,74,0,0,0,0,0,0,0,0,69
25,64,0,0,0,0,0,0,0,0,63
26,66,0,0,0,0,0,0,0,0,63
27,53,0,0,0,0,0,0,0,0,70
28,56,0,0,0,0,0,0,0,0,68
29,68,0,0,0,0,0,0,0,2,67
30,67,0,0,0,0,0,0,0,7,64
31,64,0,0,0,0,0,0,0,2,65
32,66,0,0,0,0,0,0,0,17,67
33,65,0,0,0,0,0,0,0,36,68
34,67,0,0,0,0,0,0,0,75,64
35,63,0,0,0,0,0,0,0,82,66
36,65,0,0,0,0,0,0,0,40,70
37,67,0,0,0,0,0,0,4,49,69
38,75,0,0,0,0,0,0,17,98,68
39,72,0,0,0,0,0,0,6,25,77
40,71,0,0,0,0,0,0,46,28,72
41,83,0,0,0,0,0,0,90,93,73
42,66,0,0,0,0,0,0,69,90,68
43,63,0,0,0,0,0,0,47,60,72
44,71,0,0,0,0,0,1,10,42,66
45,72,0,0,0,0,0,1,97,98,68
46,66,0,0,0,0,0,26,95,99,64
47,72,0,0,0,0,0,53,84,89,68
48,67,0,0,0,0,0,71,99,100,70
49,75,0,0,0,0,0,29,73,97,70
50,79,0,0,0,0,0,18,39,73,70
51,70,0,0,0,0,0,22,21,89,69
52,77,0,0,0,0,0,23,78,94,71
53,76,0,0,0,0,0,93,94,99,68
54,76,0,0,0,0,0,87,96,99,67
55,75,0,0,0,0,0,13,12,65,64
56,76,0,0,0,0,0,85,96,99,69
57,78,0,0,0,0,0,25,79,89,65
58,74,0,0,0,0,0,15,7,8,66
59,75,0,0,0,0,0,75,90,99,65
60,70,0,0,0,0,0,58,97,97,64
61,76,0,0,0,0,0,68,81,91,64
62,74,0,0,0,0,0,41,40,66,66
63,76,0,0,0,0,0,91,99,99,71
64,68,0,0,0,0,0,97,93,99,64
65,78,0,0,0,0,0,23,77,71,70
66,75,0,0,0,0,0,86,95,99,64
67,77,0,0,0,0,0,41,93,99,66
68,79,0,0,0,0,0,38,59,75,67
69,70,0,0,0,0,0,88,96,97,74
70,77,0,0,0,0,0,7,14,79,70
71,74,0,0,0,0,0,77,88,99,71
72,67,0,0,0,0,0,70,85,99,62
73,75,0,0,0,0,0,61,96,99,67
74,70,0,0,0,0,0,54,44,84,66
75,78,0,0,0,0,0,94,79,94,63
76,78,0,0,0,0,0,61,67,72,71
77,80,0,0,0,0,0,90,97,99,69
78,75,0,0,0,0,0,34,85,93,68
79,81,0,0,0,0,0,78,96,99,66
80,76,0,0,0,0,0,81,78,96,74
81,80,0,0,0,0,0,3,42,69,71
82,76,0,0,0,0,0,38,10,6,64
83,79,0,0,0,0,0,8,10,28,71
84,87,0,0,0,0,0,42,90,98,68
85,77,0,0,0,0,0,8,10,37,62
86,79,0,0,0,0,0,87,97,99,65
87,74,0,0,0,0,5,57,69,86,66
88,72,0,0,0,0,9,60,82,98,68
89,74,0,0,0,0,11,91,97,99,70
90,81,0,0,0,0,30,87,84,88,71
91,72,0,0,0,0,66,91,91,95,74
92,70,0,0,0,0,63,44,67,86,68
93,77,0,0,0,0,48,68,75,50,68
94,77,0,0,0,0,59,74,94,99,71
95,73,0,0,0,0,6,11,40,56,74
96,78,0,0,0,0,21,24,69,86,71
97,71,0,0,0,0,22,24,4,7,74
98,80,0,0,0,0,67,86,95,96,68
99,72,0,0,0,0,17,34,88,97,71
100,78,0,0,0,0,28,33,65,70,75
101,72,0,0,0,0,16,49,95,98,70
102,82,0,0,0,0,29,55,79,98,70
103,78,0,0,0,0,32,75,74,93,73
104,67,0,0,0,0,8,19,46,99,65
105,71,0,0,0,0,26,67,80,61,66
106,72,0,0,0,0,47,86,94,95,66
107,76,0,0,0,0,7,32,60,89,69
108,70,0,0,0,0,37,92,95,99,70
109,74,0,0,0,0,16,20,45,45,67
110,81,0,0,0,0,7,24,56,21,67
111,77,0,0,0,0,58,83,65,50,65
112,76,0,0,0,0,55,78,78,79,64
113,74,0,0,0,0,4,12,51,100,67
114,75,0,0,0,0,13,13,60,59,64
115,80,0,0,0,0,3,16,24,55,64
116,74,0,0,0,0,27,76,91,87,65
117,80,0,0,0,0,25,69,89,92,67
118,73,0,0,0,0,37,77,37,25,72
119,73,0,0,0,0,3,22,53,77,72
120,76,0,0,0,0,11,58,91,96,68
121,73,0,0,0,0,8,8,64,96,72
122,85,0,0,0,0,4,10,26,39,65
123,86,0,0,0,0,4,19,81,83,69
124,76,0,0,0,0,3,47,99,99,71
125,75,0,0,0,0,40,69,72,73,66
126,77,0,0,0,0,29,53,81,96,74
127,79,0,0,0,0,4,14,10,22,63
128,79,0,0,0,0,17,47,47,94,68
129,79,0,0,0,0,32,88,95,96,68
130,80,0,0,0,0,36,62,87,99,64
131,79,0,0,0,0,5,8,34,96,65
132,74,0,0,0,0,12,10,37,53,65
133,76,0,0,0,0,30,81,95,99,68
134,82,0,0,0,0,4,5,20,76,64
135,81,0,0,0,0,6,15,53,69,64
136,83,0,0,0,0,32,70,91,94,71
137,79,0,0,0,0,15,24,8,61,64
138,76,0,0,0,0,2,27,50,97,66
139,81,0,0,0,0,27,54,75,82,70
140,86,0,0,0,0,33,75,92,99,66
141,82,0,0,0,0,8,12,5,21,66
142,76,0,0,0,0,71,60,83,92,70
143,73,0,0,0,0,50,82,95,93,73
144,78,0,0,0,0,9,31,50,92,72
145,82,0,0,0,0,19,43,49,36,70
146,85,0,0,0,0,59,78,92,72,72
147,81,0,0,0,0,7,63,86,97,76
148,78,0,0,0,0,38,72,85,91,69
149,81,0,0,0,0,7,14,82,99,65
150,73,0,0,0,0,4,13,15,7,68
151,83,0,0,0,0,6,9,49,86,68
152,86,0,0,0,0,46,72,83,95,72
153,72,0,0,0,0,47,89,89,91,67
154,75,0,0,0,0,17,23,69,92,66
155,81,0,0,0,0,24,23,23,46,67
156,75,0,0,0,0,96,98,99,99,67
157,77,0,0,0,0,22,55,84,99,62
158,81,0,0,0,0,23,44,97,99,64
159,80,0,0,0,0,30,60,90,95,66
160,78,0,0,0,3,10,15,24,32,68
161,69,0,0,0,1,10,31,73,99,61
162,76,0,0,0,2,10,15,32,62,62
163,73,0,0,0,10,82,87,88,99,64
164,79,0,0,0,2,5,5,2,80,69
165,76,0,0,0,10,28,43,89,95,60
166,80,0,0,0,20,68,82,91,96,66
167,76,0,0,0,6,39,56,83,94,60
168,81,0,0,0,2,31,32,87,97,67
169,78,0,0,0,28,58,74,83,85,65
170,67,0,0,0,2,9,53,97,99,67
171,82,0,0,0,40,89,96,98,97,68
172,72,0,0,0,3,6,6,3,12,59
173,82,0,0,0,3,8,7,57,88,61
174,81,0,0,0,5,19,88,96,94,68
175,84,0,0,0,20,40,48,78,94,66
176,81,0,0,0,13,33,70,97,99,69
177,76,0,0,0,2,4,8,81,96,69
178,75,0,0,0,5,11,25,59,98,61
179,82,0,0,0,16,29,26,74,90,62
180,77,0,0,0,2,22,32,87,95,70
181,71,0,0,0,23,41,86,85,96,64
182,75,0,0,0,14,27,40,90,99,67
183,80,0,0,0,19,36,84,94,99,63
184,79,0,0,0,6,8,46,81,75,65
185,89,0,0,0,21,14,8,29,80,63
186,80,0,0,0,30,39,76,92,94,68
187,78,0,0,0,9,38,71,84,89,66
188,79,0,0,0,25,42,53,83,99,61
189,78,0,0,0,14,25,31,18,23,67
190,79,0,0,0,31,36,83,99,99,70
191,79,0,0,0,12,16,4,16,55,60
192,81,0,0,0,14,4,9,27,78,62
193,87,0,0,0,3,6,11,6,19,63
194,82,0,0,0,30,39,67,65,97,66
195,84,0,0,0,17,21,54,84,96,75
196,81,0,0,0,6,4,17,77,70,74
197,84,0,0,0,17,33,46,67,87,72
198,83,0,0,0,3,5,2,10,45,69
199,77,0,0,0,5,5,17,50,97,69
200,84,0,0,0,3,6,27,71,99,67
201,80,0,0,0,24,22,25,92,98,73
202,82,0,0,0,9,4,10,41,90,68
203,79,0,0,0,3,28,46,80,99,67
204,85,0,0,0,41,79,95,98,99,67
205,84,0,0,0,27,21,54,89,99,66
206,83,0,0,0,13,9,4,10,20,64
207,78,0,0,0,15,32,29,8,52,67
208,83,0,0,0,8,31,77,89,97,70
209,79,0,0,0,8,13,65,86,95,64
210,81,0,0,0,12,22,40,78,96,62
211,81,0,0,0,6,20,31,27,63,69
212,84,0,0,0,33,38,65,66,63,69
213,82,0,0,0,5,10,2,13,20,67
214,77,0,0,0,25,60,84,88,98,66
215,78,0,0,0,1,6,12,4,4,69
216,79,0,0,0,31,66,32,64,95,69
217,84,0,0,0,49,88,96,95,99,67
218,76,0,0,0,11,39,91,96,98,67
219,79,0,0,0,20,35,58,97,99,65
220,85,0,0,0,39,55,94,98,99,67
221,74,0,0,0,8,56,63,96,99,72
222,78,0,0,0,31,36,88,95,95,68
223,77,0,0,0,12,27,42,82,95,68
224,70,0,0,0,20,26,55,98,100,71
225,86,0,0,0,1,14,39,96,97,72
226,77,0,0,0,5,38,63,83,93,63
227,80,0,0,0,15,58,80,86,89,70
228,80,0,0,0,4,10,46,71,79,63
229,84,0,0,0,16,27,42,53,74,72
230,83,0,0,0,1,7,41,89,99,66
231,81,0,0,0,6,15,16,19,43,69
232,84,0,0,0,10,24,39,78,95,69
233,85,0,0,0,29,55,85,93,99,66
234,90,0,0,0,6,5,51,62,99,64
235,88,0,0,0,5,14,13,72,99,68
236,86,0,0,0,20,20,3,35,97,69
237,86,0,0,0,14,4,30,58,85,68
238,78,0,0,0,4,10,17,73,76,66
239,85,0,0,0,26,29,34,63,88,65
240,78,0,0,0,30,35,27,37,48,64
241,85,0,0,0,10,20,37,71,92,64
242,87,0,0,0,9,73,91,98,98,67
243,81,0,0,0,31,28,30,92,97,63
244,85,0,0,0,19,6,14,30,74,70
245,87,0,0,0,16,34,63,97,99,65
246,79,0,0,0,22,23,34,69,94,74
247,86,0,0,0,11,13,13,60,90,72
248,85,0,0,0,1,6,40,85,99,66
249,82,0,0,0,5,15,39,73,99,76
250,76,0,0,0,16,13,41,87,91,66
251,84,0,0,0,8,19,75,76,87,73
252,84,0,0,0,23,47,83,98,100,68
253,86,0,0,0,46,70,93,95,82,69
254,83,0,0,0,5,6,23,95,95,68
255,82,0,0,0,3,31,78,86,85,74
256,86,0,0,0,4,31,49,82,93,63
257,84,0,0,0,32,54,91,97,99,63
258,82,0,0,0,4,24,57,96,98,69
259,89,0,0,0,42,79,90,91,94,64
260,85,0,0,0,19,66,94,98,99,67
261,87,0,0,0,8,11,17,35,59,66
262,84,0,0,0,12,28,82,99,100,62
263,89,0,0,0,60,63,48,30,87,63
264,86,0,0,0,11,20,70,74,94,65
265,82,0,0,0,36,42,75,92,99,69
266,85,0,0,0,5,9,19,55,96,65
267,82,0,0,0,31,43,78,97,96,67
268,82,0,0,0,3,16,78,95,97,64
269,85,0,0,0,13,27,63,93,98,68
270,83,0,0,0,1,9,22,38,98,65
271,88,0,0,0,27,41,15,85,96,65
272,82,0,0,0,29,67,88,93,97,69
273,86,0,0,0,14,39,93,95,99,69
274,78,0,0,0,18,28,61,91,98,66
275,90,0,0,0,3,31,65,92,97,70
276,84,0,0,0,4,5,13,12,36,66
277,79,0,0,0,3,16,22,76,91,73
278,82,0,0,0,37,39,51,91,99,71
279,83,0,0,0,5,5,11,14,70,66
280,84,0,0,0,6,20,73,96,97,74
281,82,0,0,0,24,40,33,61,34,68
282,83,0,0,0,16,22,22,49,97,66
283,86,0,0,0,2,4,13,21,83,63
284,82,0,0,0,3,4,15,30,96,67
285,87,0,0,0,19,36,33,86,98,67
286,88,0,0,0,2,3,30,90,94,62
287,85,0,0,0,27,75,95,97,99,64
288,83,0,0,0,4,12,31,59,74,66
289,83,0,0,0,35,33,19,40,90,67
290,82,0,0,0,33,61,86,91,91,66
291,85,0,0,0,13,27,57,94,99,61
292,81,0,0,0,4,5,78,99,99,63
293,80,0,0,0,9,2,5,14,80,65
294,86,0,0,0,31,43,79,96,98,67
295,87,0,0,0,3,5,26,65,91,64
296,79,0,0,0,5,22,95,92,99,67
297,89,0,0,0,16,27,38,68,95,65
298,83,0,0,0,32,25,22,21,61,68
299,80,0,0,0,9,20,85,99,99,65
300,81,0,0,0,13,18,53,60,99,64
301,89,0,0,0,5,9,10,11,82,61
302,82,0,0,0,12,36,86,85,94,61
303,76,0,0,0,6,5,6,8,48,70
304,89,0,0,0,1,35,64,97,99,74
305,85,0,0,0,23,24,48,31,7,71
306,85,0,0,0,13,32,89,92,74,74
307,87,0,0,0,26,20,12,6,5,72
308,84,0,0,0,40,72,73,94,92,64
309,88,0,0,0,21,50,76,88,94,71
310,81,0,0,0,6,7,23,91,95,69
311,83,0,0,0,11,27,91,92,98,64
312,89,0,0,0,31,31,63,76,80,63
313,87,0,0,0,14,27,70,92,98,61
314,80,0,0,0,11,27,54,94,96,63
315,89,0,0,0,6,14,32,78,95,62
316,85,0,0,0,20,34,33,96,99,66
317,84,0,0,0,4,23,62,69,92,69
318,79,0,0,0,9,44,76,95,99,67
319,86,0,0,0,12,22,75,95,99,65
320,85,0,0,0,12,32,54,28,79,60
321,77,0,0,0,6,31,58,90,95,61
322,80,0,0,0,25,40,45,14,28,65
323,88,0,0,0,10,7,15,48,77,66
324,86,0,0,0,8,35,31,91,99,63
325,85,0,0,0,21,36,59,88,94,64
326,88,0,0,0,31,50,72,89,97,68
327,83,0,0,0,11,59,95,96,99,70
328,86,0,0,0,38,75,70,89,99,65
329,90,0,0,0,1,15,77,98,96,70
330,90,0,0,0,18,31,66,86,99,66
331,80,0,0,0,2,5,29,49,68,71
332,89,0,0,0,10,17,32,55,66,66
333,84,0,0,0,1,32,59,83,95,72
334,87,0,0,0,3,2,11,20,65,73
335,90,0,0,0,38,46,39,20,4,69
336,86,0,0,0,9,10,12,39,7,70
337,85,0,0,0,37,80,95,99,99,71
338,82,0,0,0,18,56,93,93,97,71
339,85,0,0,0,1,5,9,62,98,63
340,88,0,0,0,14,19,43,97,94,67
341,90,0,0,0,18,67,87,85,99,64
342,85,0,0,0,16,24,80,89,91,65
343,83,0,0,0,24,36,43,21,5,68
344,90,0,0,0,8,5,27,90,96,61
345,87,0,0,0,4,21,78,88,99,65
346,80,0,0,0,8,9,52,98,99,66
347,81,0,0,0,22,27,33,59,93,69
348,85,0,0,0,44,36,37,55,99,69
349,79,0,0,0,16,40,71,90,93,67
350,89,0,0,0,8,43,33,77,87,64
351,84,0,0,0,73,85,89,85,98,63
352,83,0,0,0,25,38,77,94,99,67
353,87,0,0,0,5,10,23,82,98,68
354,85,0,0,0,36,87,87,78,93,66
355,89,0,0,0,20,35,38,84,97,67
356,85,0,0,0,14,21,20,86,93,74
357,91,0,0,0,11,14,30,51,97,69
358,89,0,0,0,26,81,94,96,99,75
359,89,0,0,0,4,10,39,88,99,71
360,88,0,0,0,4,6,37,91,99,77
361,89,0,0,0,3,8,51,69,88,71
362,85,0,0,0,8,24,44,68,93,68
363,89,0,0,0,6,13,4,10,18,68
364,84,0,0,0,2,20,71,99,86,66
365,90,0,0,0,39,78,56,75,15,70
366,84,0,0,0,8,31,68,75,6,64
367,88,0,0,0,4,30,88,97,99,69
368,79,0,0,0,4,11,44,94,99,65
369,85,0,0,0,23,78,91,96,98,65
370,78,0,0,0,6,23,72,91,95,62
371,85,0,0,0,13,9,25,88,97,70
372,81,0,0,0,10,47,85,95,99,71
373,90,0,0,0,15,26,35,57,90,72
374,90,0,0,0,18,29,42,84,95,68
375,82,0,0,0,18,25,70,97,98,72
376,89,0,0,0,33,76,92,88,94,70
377,80,0,0,0,6,27,53,67,97,70
378,89,0,0,0,1,10,8,54,92,70
379,87,0,0,0,5,14,26,32,88,64
380,85,0,0,0,7,38,88,93,68,68
381,87,0,0,0,8,2,2,13,81,71
382,80,0,0,0,20,43,91,92,92,76
383,88,0,0,0,20,71,89,96,99,78
384,86,0,0,0,1,13,62,96,97,75
385,85,0,0,0,34,40,34,78,98,74
386,84,0,0,0,3,8,26,70,87,65
387,86,0,0,0,24,30,28,70,34,69
388,91,0,0,0,4,25,86,95,97,76
389,82,0,0,0,20,19,21,16,12,67
390,83,0,0,0,41,61,83,56,22,67
391,88,0,0,0,23,75,90,97,99,67
392,84,0,0,0,2,10,19,5,5,63
393,84,0,0,0,9,76,94,99,99,66
394,79,0,0,0,1,10,12,13,3,65
395,87,0,0,0,29,50,84,51,98,64
396,93,0,0,0,4,5,24,6,20,60
397,79,0,0,0,29,61,87,18,99,65
398,91,0,0,0,27,87,89,39,96,64
399,79,0,0,0,3,24,63,92,99,66
400,85,0,0,0,17,35,29,61,94,71
401,82,0,0,0,3,3,6,28,71,62
402,81,0,0,0,22,79,95,97,97,65
403,83,0,0,0,2,4,15,85,99,64
404,92,0,0,0,13,61,86,95,99,68
405,88,0,0,0,7,14,11,55,96,70
406,85,0,0,0,3,4,38,88,96,65
407,88,0,0,0,7,21,65,92,99,70
408,88,0,0,0,29,70,82,95,100,68
409,85,0,0,0,1,22,82,90,98,74
410,93,0,0,0,14,10,36,78,95,65
411,80,0,0,0,4,22,49,98,99,67
412,86,0,0,0,4,3,60,96,99,74
413,83,0,0,0,12,27,70,94,99,66
414,88,0,0,0,12,34,59,87,99,67
415,87,0,0,0,6,22,49,89,99,67
416,84,0,0,0,18,35,50,23,50,66
417,84,0,0,0,22,87,98,99,98,73
418,78,0,0,0,29,61,95,99,99,70
419,82,0,0,0,10,6,7,30,95,65
420,85,0,0,0,2,4,18,19,76,70
421,87,0,0,0,2,23,73,97,99,74
422,87,0,0,0,9,27,53,70,90,66
423,87,0,0,0,23,64,91,98,96,65
424,82,0,0,0,17,11,21,89,99,67
425,85,0,0,0,2,6,20,17,63,64
426,87,0,0,0,26,62,97,98,99,66
427,83,0,0,0,32,47,86,96,99,68
428,84,0,0,0,22,87,95,99,99,72
429,84,0,0,0,8,40,78,90,93,70
430,84,0,0,0,22,27,73,97,99,69
431,87,0,0,0,7,21,8,20,62,69
432,86,0,0,0,27,40,62,92,99,74
433,80,0,0,0,29,45,67,95,98,65
434,84,0,0,0,2,22,88,95,95,67
435,82,0,0,0,27,39,90,97,100,67
436,88,0,0,0,20,47,48,83,88,64
437,84,0,0,0,1,52,88,93,99,65
438,84,0,0,0,25,27,22,45,95,65
439,85,0,0,0,21,40,90,92,93,68
440,81,0,0,0,16,88,92,94,99,65
441,80,0,0,0,6,37,65,91,97,68
442,81,0,0,0,1,8,9,24,60,63
443,86,0,0,0,11,29,27,28,89,68
444,87,0,0,0,7,33,70,98,99,64
445,87,0,0,0,19,24,15,34,91,67
446,87,0,0,0,2,13,20,14,94,68
447,89,0,0,0,3,12,45,30,90,68
448,89,0,0,0,1,15,16,9,11,70
449,87,0,0,0,11,17,30,22,98,67
450,87,0,0,0,34,82,86,89,94,74
451,91,0,0,0,23,63,96,99,100,73
452,83,0,0,0,3,10,43,91,95,64
453,88,0,0,0,2,28,60,91,98,69
454,87,0,0,0,1,11,35,90,95,72
455,80,0,0,0,15,44,88,95,98,69
456,76,0,0,0,24,32,48,72,98,64
457,89,0,0,0,20,40,79,37,70,65
458,88,0,0,0,7,11,14,32,44,70
459,93,0,0,0,13,31,39,36,95,71
460,87,0,0,0,10,36,31,75,79,69
461,85,0,0,0,21,23,93,96,98,74
462,89,0,0,0,2,5,21,89,88,68
463,91,0,0,0,16,20,46,82,88,73
464,88,0,0,0,4,10,21,73,99,71
465,88,0,0,0,5,8,11,72,97,70
466,92,0,0,0,22,52,95,99,98,75
467,86,0,0,0,8,10,5,32,72,71
468,82,0,0,0,38,82,31,96,96,69
469,85,0,0,0,5,39,88,97,98,60
470,89,0,0,0,8,24,58,94,89,65
471,79,0,0,0,14,37,64,88,97,66
472,87,0,0,0,4,3,15,22,74,61
473,90,0,0,0,4,23,39,60,96,70
474,86,0,0,0,2,15,36,96,99,70
475,87,0,0,0,63,93,98,99,99,72
476,89,0,0,0,13,16,7,15,11,67
477,83,0,0,0,8,17,34,30,95,66
478,86,0,0,0,5,10,8,7,83,68
479,87,0,0,0,25,6,8,3,15,69
480,89,0,0,0,32,50,30,24,14,72
481,88,0,0,0,13,18,31,72,89,67
482,79,0,0,0,10,45,96,95,99,64
483,85,0,0,0,11,37,86,97,99,64
484,82,0,0,0,2,5,6,0,1,65
485,82,0,0,0,10,10,4,14,3,69
486,82,0,0,0,2,4,19,62,98,68
487,82,0,0,0,3,24,39,81,89,62
488,91,0,0,0,12,41,36,92,90,67
489,91,0,0,0,9,25,32,48,6,75
490,86,0,0,0,27,40,63,92,97,72
491,89,0,0,0,8,20,56,90,94,74
492,88,0,0,0,10,16,17,69,90,71
493,88,0,0,0,0,7,6,26,10,72
494,86,0,0,0,30,57,27,97,92,75
495,79,0,0,0,11,31,33,28,97,74
496,88,0,0,0,6,29,31,72,93,66
497,84,0,0,0,5,13,11,11,78,64
498,83,0,0,0,28,34,33,27,92,63
499,84,0,0,0,18,60,34,13,5,71
500,92,0,0,0,31,69,93,95,100,68
501,87,0,0,0,5,9,20,81,92,67
502,91,0,0,0,18,26,33,32,90,63
503,86,0,0,0,23,60,35,92,96,71
504,89,0,0,0,8,27,42,79,98,71
505,89,0,0,0,28,24,7,11,55,64
506,86,0,0,0,30,52,97,90,89,71
507,84,0,0,0,7,54,82,98,100,64
508,85,0,0,0,1,8,20,32,7,68
509,84,0,0,0,19,89,96,98,98,69
510,81,0,0,0,5,13,13,19,11,66
511,81,0,0,0,50,90,96,98,98,69
512,83,0,0,0,21,41,77,96,91,73
513,86,0,0,0,9,6,10,33,82,68
514,89,0,0,0,2,4,4,13,12,71
515,84,0,0,0,22,36,33,19,99,71
516,87,0,0,0,22,48,41,90,98,70
517,86,0,0,0,23,53,96,97,98,66
518,89,0,0,0,5,13,25,72,96,68
519,92,0,0,0,18,32,29,23,55,67
520,87,0,0,0,36,50,43,35,91,70
521,84,0,0,0,32,64,50,97,98,65
522,84,0,0,0,4,4,6,68,92,68
523,85,0,0,0,10,24,35,94,99,64
524,91,0,0,0,4,9,35,89,98,70
525,81,0,0,0,40,49,89,89,90,68
526,82,0,0,0,7,32,39,70,89,58
527,92,0,0,0,2,27,47,92,99,64
528,85,0,0,0,8,31,36,74,97,63
529,92,0,0,0,37,83,97,99,99,66
530,87,0,0,0,6,24,89,98,99,69
531,82,0,0,0,27,80,94,96,99,68
532,84,0,0,0,7,24,87,95,98,65
533,90,0,0,0,13,39,69,90,93,67
534,87,0,0,0,17,70,87,75,84,64
535,90,0,0,0,32,39,66,85,96,71
536,88,0,0,0,4,9,43,66,95,66
537,89,0,0,0,15,17,22,24,88,64
538,82,0,0,0,7,8,7,1,10,65
539,88,0,0,0,14,38,33,29,98,62
540,88,0,0,0,7,1,2,4,0,63
541,91,0,0,0,21,33,35,71,7,72
542,90,0,0,0,26,47,81,97,93,61
543,88,0,0,0,22,44,89,99,100,61
544,86,0,0,0,25,18,63,81,89,70
545,86,0,0,0,8,9,28,53,10,69
546,84,0,0,0,5,29,40,92,98,66
547,86,0,0,0,9,26,42,90,99,70
548,86,0,0,0,3,5,22,70,79,67
549,83,0,0,0,4,27,26,35,0,73
550,87,0,0,0,36,76,34,95,10,63
551,81,0,0,0,10,31,88,99,99,65
552,82,0,0,0,23,24,35,86,98,71
553,80,0,0,0,14,26,30,97,99,68
554,91,0,0,0,13,11,3,10,9,66
555,79,0,0,0,3,24,31,27,41,67
556,79,0,0,0,28,23,22,92,94,67
557,89,0,0,0,10,41,32,98,99,68
558,87,0,0,0,22,21,20,58,51,68
559,83,0,0,0,9,19,11,17,22,62
560,88,0,0,0,35,64,33,99,99,72
561,84,0,0,1,17,5,8,0,3,61
562,84,0,0,5,7,14,33,25,4,62
563,78,0,0,4,43,58,41,23,99,70
564,86,0,0,1,4,2,7,91,95,63
565,84,0,0,2,1,7,3,9,3,70
566,83,0,0,1,22,34,38,17,6,67
567,91,0,0,6,55,76,90,83,92,71
568,82,0,0,2,8,10,28,84,92,70
569,80,0,0,2,7,27,38,88,97,65
570,79,0,0,1,3,5,23,53,95,67
571,82,0,0,1,6,28,36,99,100,61
572,83,0,0,0,5,36,35,98,100,63
573,86,0,0,0,10,43,44,92,92,60
574,84,0,0,1,19,46,92,96,99,63
575,85,0,0,0,12,18,46,94,99,65
576,89,0,0,0,5,40,38,79,71,69
577,84,0,0,0,3,24,97,97,98,70
578,87,0,0,0,17,22,63,90,98,72
579,88,0,0,1,2,21,31,40,55,69
580,85,0,0,0,7,8,32,88,97,65
581,85,0,0,0,3,41,29,97,95,66
582,81,0,0,0,13,24,29,67,82,66
583,81,0,0,0,9,5,2,19,97,60
584,89,0,0,0,8,23,0,37,57,66
585,91,0,0,7,21,35,35,37,98,64
586,86,0,0,1,16,5,24,34,88,61
587,92,0,0,1,24,44,36,36,68,64
588,89,0,0,1,4,16,14,6,1,68
589,91,0,0,2,12,30,31,99,4,63
590,84,0,0,17,15,4,4,51,73,65
591,89,0,0,1,3,18,1,2,1,62
592,87,0,0,13,9,1,9,7,4,68
593,85,0,0,10,18,35,16,99,100,66
594,86,0,0,0,8,24,43,89,98,62
595,87,0,0,7,37,61,92,97,94,65
596,85,0,0,2,2,4,5,0,1,65
597,91,0,0,18,34,44,39,18,97,69
598,90,0,0,2,5,23,91,95,98,65
599,90,0,0,15,24,36,90,96,93,69
600,89,0,0,5,31,81,96,98,99,69
601,84,0,0,3,17,67,87,99,100,66
602,90,0,0,7,12,3,3,26,12,69
603,90,0,0,2,9,36,34,96,98,67
604,89,0,0,1,1,7,27,86,99,62
605,88,0,0,3,36,81,56,96,99,68
606,89,0,0,14,22,25,28,25,81,66
607,89,0,0,17,31,44,35,95,97,63
608,92,0,0,10,65,46,41,75,93,63
609,86,0,0,4,6,17,41,85,87,59
610,89,0,0,2,7,37,33,35,90,58
611,87,0,0,1,16,36,38,96,94,63
612,89,0,0,13,16,32,30,92,99,62
613,89,0,0,12,37,79,94,97,98,61
614,80,0,0,4,5,8,17,18,5,67
615,88,0,0,3,7,9,36,88,10,61
616,86,0,0,13,11,14,25,20,18,68
617,87,0,0,11,3,12,25,15,99,64
618,92,0,0,4,3,13,28,31,92,60
619,90,0,0,1,5,28,81,96,98,62
620,86,0,0,3,18,77,98,99,99,68
621,90,0,0,11,28,27,78,98,99,64
622,91,0,0,2,26,36,88,96,99,71
623,87,0,0,2,2,4,4,39,75,68
624,92,0,0,1,1,4,10,35,82,75
625,81,0,0,2,9,22,26,15,96,77
626,92,0,0,6,27,45,36,96,99,66
627,92,0,0,6,13,14,36,86,98,62
628,86,0,0,4,10,25,37,30,80,66
629,86,0,0,4,33,62,72,99,99,64
630,83,0,0,2,3,6,0,0,3,67
631,90,0,0,1,9,38,31,18,97,64
632,90,0,0,1,5,5,20,20,10,59
633,86,0,0,2,8,60,93,97,94,68
634,87,0,0,13,32,67,99,99,99,63
635,87,0,0,2,4,31,50,88,98,59
636,87,0,0,1,3,23,70,94,98,64
637,90,0,0,5,35,77,37,95,98,69
638,83,0,0,6,4,8,27,67,95,65
639,85,0,0,6,9,32,39,74,89,62
640,84,0,0,28,21,8,36,90,97,61
641,88,0,0,1,6,23,17,13,66,61
642,85,0,0,19,36,71,93,99,100,66
643,90,0,0,2,17,30,36,93,96,62
644,88,0,0,10,29,31,37,74,90,60
645,84,0,0,2,14,69,88,93,98,65
646,88,0,0,2,6,32,67,83,99,65
647,89,0,0,3,3,5,6,10,7,64
648,88,0,0,17,12,10,20,21,84,59
649,92,0,0,1,4,20,32,27,99,58
650,86,0,0,0,6,26,37,31,78,60
651,88,0,0,3,5,25,38,93,95,67
652,87,0,0,7,17,29,42,93,96,64
653,90,0,0,13,24,81,95,98,87,66
654,87,0,0,3,4,12,37,80,96,67
655,86,0,0,4,3,22,37,83,99,65
656,82,0,0,5,19,65,32,88,98,65
657,88,0,0,27,34,55,95,96,98,69
658,82,0,0,2,5,5,9,67,95,60
659,91,0,0,1,6,24,0,6,83,67
660,90,0,0,2,8,11,14,14,13,59
661,85,0,0,15,35,70,98,99,99,60
662,91,0,0,13,32,41,91,97,98,59
663,93,0,0,0,4,11,27,94,99,60
664,84,0,0,3,3,55,97,98,100,68
665,92,0,0,1,6,54,97,99,98,59
666,88,0,0,1,2,3,15,63,73,61
667,88,0,0,7,23,55,94,94,97,67
668,80,0,0,9,28,35,37,90,99,66
669,85,0,0,9,16,26,37,93,100,59
670,84,0,0,5,26,23,38,58,83,68
671,91,0,0,23,37,65,94,99,99,67
672,85,0,0,5,10,16,11,44,66,61
673,88,0,0,2,8,19,38,96,98,64
674,91,0,0,8,13,5,9,24,93,70
675,90,0,0,2,11,19,13,24,97,67
676,91,0,0,5,22,32,32,97,98,72
677,87,0,0,21,38,44,96,99,99,74
678,89,0,0,1,8,35,53,64,89,68
679,88,0,0,2,5,8,10,23,7,69
680,94,0,0,12,24,47,35,34,8,70
681,91,0,0,1,3,14,32,90,99,67
682,91,0,0,12,34,43,34,25,88,72
683,90,0,0,7,49,87,96,99,97,69
684,86,0,0,6,14,29,35,81,95,68
685,94,0,0,2,9,3,9,72,99,63
686,81,0,0,12,8,14,11,21,95,64
687,93,0,0,21,32,72,98,98,97,67
688,91,0,0,12,17,64,94,96,93,65
689,93,0,0,11,32,41,66,77,97,68
690,95,0,0,1,10,17,1,0,19,67
691,87,0,0,2,30,82,87,91,97,64
692,90,0,0,5,14,7,6,13,92,66
693,92,0,0,2,13,22,35,25,95,67
694,91,0,0,2,2,6,2,61,94,67
695,85,0,0,6,20,22,30,38,93,70
696,93,0,0,3,24,26,37,91,99,61
697,88,0,0,8,21,30,40,92,95,68
698,91,0,0,5,15,21,86,96,99,63
699,88,0,0,10,15,12,23,89,98,66
700,90,0,0,1,5,12,24,65,90,61
701,88,0,0,21,29,21,23,86,93,67
702,86,0,0,3,23,24,33,84,66,62
703,92,0,0,1,5,5,7,32,81,64
704,89,0,0,1,16,14,27,77,99,60
705,90,0,0,5,30,31,20,36,92,71
706,94,0,0,2,2,4,25,92,96,71
707,85,0,0,4,11,28,36,82,81,68
708,93,0,0,25,36,41,52,98,98,65
709,92,0,0,1,0,21,84,94,99,66
710,92,0,0,1,1,4,12,71,96,68
711,86,0,0,8,18,26,37,81,69,65
712,90,0,0,6,30,41,31,34,72,67
713,92,0,0,0,2,12,14,20,80,63
714,90,0,0,1,8,22,40,33,12,63
715,90,0,0,2,13,40,40,64,88,65
716,88,0,0,2,5,40,72,90,51,66
717,88,0,0,1,2,10,29,94,99,70
718,87,0,0,1,27,37,33,7,7,62
719,88,0,0,11,26,40,11,15,6,67
720,89,0,0,10,9,14,38,29,6,69
721,91,0,0,9,20,38,34,99,99,68
722,86,0,0,21,37,72,90,82,99,60
723,79,0,0,7,32,48,76,82,87,64
724,88,0,0,4,26,36,89,95,94,67
725,89,0,0,1,1,2,1,6,10,66
726,88,0,0,7,20,73,31,92,92,62
727,86,0,0,26,24,19,46,81,97,60
728,84,0,0,13,30,34,89,98,97,65
729,90,0,0,1,7,14,33,71,77,67
730,88,0,0,7,14,38,89,92,97,71
731,93,0,0,1,3,28,91,94,96,69
732,88,0,0,5,39,71,87,94,96,71
733,84,0,0,3,1,8,28,77,91,68
734,89,0,0,1,16,35,39,92,96,67
735,91,0,0,2,3,14,18,27,65,71
736,90,0,0,15,26,33,31,93,99,62
737,81,0,0,2,4,6,3,4,51,65
738,90,0,0,1,7,8,3,8,2,69
739,85,0,0,2,15,45,34,26,98,67
740,91,0,0,5,27,21,2,5,9,64
741,85,0,0,17,38,78,27,31,7,66
742,86,0,0,1,9,8,1,21,5,62
743,89,0,0,5,13,7,14,1,1,63
744,89,0,0,2,16,18,35,92,99,64
745,88,0,0,1,9,19,8,21,56,68
746,86,0,0,2,3,9,31,95,99,67
747,85,0,0,2,21,39,39,98,98,64
748,78,0,0,1,3,17,35,87,88,64
749,86,0,0,3,13,6,33,93,96,63
750,86,0,0,2,6,18,10,9,8,67
751,85,0,0,15,13,20,29,23,99,64
752,89,0,0,29,31,46,37,94,99,68
753,89,0,0,4,14,30,41,88,94,61
754,86,0,0,1,6,6,13,72,68,70
755,88,0,0,0,9,25,38,80,94,66
756,86,0,0,14,32,56,38,98,99,65
757,87,0,0,6,14,22,76,90,97,69
758,86,0,0,15,36,40,41,77,77,64
759,87,0,0,3,5,6,0,18,88,65
760,89,0,0,0,12,17,22,27,99,66
761,88,0,0,8,19,3,13,82,88,65
762,90,0,0,3,17,78,96,99,98,66
763,88,0,0,3,23,45,31,65,97,65
764,87,0,0,2,2,14,26,65,96,69
765,87,0,0,1,2,11,27,86,99,68
766,88,0,0,9,19,40,37,94,97,72
767,88,0,0,11,18,31,37,92,95,68
768,89,0,0,5,4,2,33,59,79,72
769,87,0,0,5,9,23,29,72,89,66
770,83,0,0,10,15,43,34,92,67,63
771,83,0,0,6,25,41,39,98,99,67
772,94,0,0,3,21,81,99,98,99,63
773,91,0,0,2,19,89,97,93,98,68
774,92,0,0,2,1,10,48,86,99,63
775,87,0,0,5,19,62,94,96,99,64
776,89,0,0,3,35,77,96,99,99,71
777,89,0,0,16,34,29,56,77,95,71
778,85,0,0,6,27,29,1,9,61,61
779,89,0,0,3,9,22,23,94,96,65
780,91,0,0,5,16,10,1,1,16,62
781,83,0,0,4,12,37,36,30,94,67
782,89,0,0,3,36,39,93,94,99,71
783,90,0,0,3,7,26,86,98,97,71
784,85,0,0,4,6,29,37,80,70,75
785,89,0,0,1,8,17,12,25,62,65
786,91,0,0,1,4,13,34,25,76,66
787,84,0,0,20,33,86,96,99,99,69
788,89,0,0,4,7,8,33,88,96,70
789,93,0,0,14,23,31,38,84,87,72
790,83,0,0,2,3,6,1,33,76,69
791,94,0,0,2,5,8,0,3,7,65
792,90,0,0,21,29,35,39,28,94,70
793,89,0,0,12,43,77,94,95,95,68
794,87,0,0,1,4,16,33,92,99,69
795,89,0,0,4,3,11,86,94,99,66
796,90,0,0,6,8,5,0,2,5,65
797,91,0,0,2,18,36,31,98,99,70
798,90,0,0,13,34,55,97,99,98,63
799,91,0,0,12,14,28,31,83,99,64
800,92,0,0,5,6,4,0,6,47,60
801,74,0,0,17,12,9,37,70,93,63
802,88,0,0,3,1,14,32,97,99,70
803,83,0,0,12,28,48,82,93,98,64
804,92,0,0,5,6,8,19,83,97,69
805,87,0,0,5,6,7,33,91,96,70
806,85,0,0,1,0,3,11,22,77,64
807,88,0,0,16,64,45,95,96,97,64
808,90,0,0,7,14,19,12,2,5,66
809,89,0,0,1,5,33,43,29,49,65
810,89,0,0,15,38,44,39,87,99,73
811,84,0,0,3,14,35,69,97,99,64
812,89,0,0,12,25,40,84,99,100,67
813,88,0,0,17,16,32,36,7,10,69
814,87,0,0,3,11,16,29,29,97,64
815,87,0,0,3,6,11,10,18,95,67
816,93,0,0,9,15,69,97,98,97,74
817,92,0,0,11,14,14,31,96,93,66
818,89,0,0,16,14,25,31,89,99,68
819,85,0,0,4,5,31,36,93,96,72
820,82,0,0,8,23,38,86,85,99,70
821,92,0,0,6,18,38,87,89,99,72
822,88,0,0,2,10,23,39,57,21,68
823,88,0,0,3,38,43,35,37,16,67
824,85,0,0,1,4,8,3,1,0,64
825,84,0,0,11,24,47,93,98,12,62
826,89,0,0,16,32,74,89,92,10,66
827,89,0,0,13,36,26,13,75,90,70
828,90,0,0,2,2,30,41,33,76,67
829,91,0,0,12,41,65,95,96,98,66
830,88,0,0,3,17,44,87,96,94,69
831,81,0,0,16,38,84,97,97,98,66
832,85,0,0,17,29,39,88,98,100,71
833,89,0,0,0,2,8,31,75,96,65
834,94,0,0,13,33,28,24,86,94,72
835,83,0,0,27,28,39,41,83,97,70
836,89,0,0,29,43,86,96,99,100,72
837,87,0,0,8,14,14,13,69,97,69
838,86,0,0,4,21,28,32,61,89,72
839,85,0,0,19,23,22,33,98,99,72
840,82,0,0,1,6,16,29,99,100,68
841,92,0,0,1,7,2,19,74,81,65
842,91,0,0,13,33,38,35,73,93,72
843,86,0,0,1,6,28,37,93,93,71
844,89,0,0,14,34,39,90,98,99,74
845,83,0,0,8,11,15,27,86,98,70
846,86,0,0,1,5,11,15,24,77,71
847,91,0,0,6,8,24,32,91,97,73
848,81,0,0,3,12,6,4,28,93,69
849,89,0,0,4,17,36,4,7,9,73
850,90,0,0,5,11,24,36,26,16,65
851,91,0,0,3,22,38,36,96,98,71
852,88,0,0,1,1,3,9,54,38,71
853,87,0,0,3,4,13,11,93,94,72
854,91,0,0,3,26,31,38,94,99,71
855,91,0,0,6,10,12,14,2,4,72
856,90,0,0,10,33,44,66,38,5,72
857,82,0,0,3,21,76,95,98,99,68
858,83,0,0,1,11,18,31,91,99,65
859,89,0,0,1,1,6,4,3,0,67
860,88,0,0,1,1,22,31,26,13,70
861,87,0,0,1,2,27,38,88,99,70
862,87,0,0,1,10,31,40,81,83,70
863,91,0,0,6,16,16,29,18,84,73
864,88,0,0,4,20,14,8,2,11,67
865,90,0,0,3,8,30,91,99,99,78
866,94,0,0,1,10,5,53,89,89,65
867,88,0,0,6,7,18,34,19,89,68
868,86,0,0,3,22,41,94,97,98,73
869,87,0,0,25,33,26,47,82,91,74
870,86,0,0,6,5,6,0,1,2,74
871,91,0,0,2,9,7,29,36,13,70
872,84,0,0,3,23,33,32,25,98,72
873,85,0,0,8,12,32,32,92,99,69
874,95,0,0,1,3,26,38,95,98,67
875,96,0,0,1,14,32,71,94,95,73
876,81,0,0,2,6,7,5,70,98,71
877,92,0,0,6,4,10,10,15,96,68
878,90,0,0,2,11,25,33,34,87,72
879,89,0,0,1,3,10,2,7,69,68
880,87,0,0,3,5,12,12,0,16,67
881,91,0,0,3,5,13,17,27,97,67
882,85,0,0,10,11,28,98,99,100,66
883,89,0,0,4,7,26,77,95,99,65
884,89,0,0,1,6,22,93,98,100,68
885,98,0,0,5,4,7,20,94,97,67
886,94,0,0,2,6,7,2,7,15,64
887,92,0,0,12,16,16,10,26,95,70
888,87,0,0,5,32,39,40,36,87,69
889,92,0,0,3,10,17,36,27,99,69
890,85,0,0,5,4,4,7,3,7,73
891,91,0,0,15,27,38,19,24,7,73
892,88,0,0,5,12,14,15,35,94,75
893,87,0,0,1,26,38,32,97,99,76
894,87,0,0,0,2,11,26,94,98,67
895,91,0,0,4,1,6,40,81,91,67
896,84,0,0,18,26,36,49,84,88,70
897,89,0,0,8,16,39,95,98,98,79
898,88,0,0,2,19,15,29,81,92,65
899,92,0,0,13,24,42,38,93,97,70
900,92,0,0,8,11,8,13,48,82,72
901,91,0,0,12,15,20,30,95,98,67
902,88,0,0,4,16,30,32,87,98,66
903,91,0,0,3,2,16,32,92,96,65
904,87,0,0,9,34,36,97,95,96,71
905,87,0,0,8,15,5,2,0,6,73
906,83,0,0,9,9,12,28,11,3,70
907,82,0,0,6,7,18,18,22,98,70
908,93,0,0,2,5,22,34,94,98,65
909,94,0,0,15,15,37,44,91,93,73
910,84,0,0,21,33,40,40,95,97,67
911,91,0,0,0,9,33,41,95,98,66
912,88,0,0,4,13,11,22,42,66,69
913,94,0,0,4,9,19,29,95,98,71
914,90,0,0,1,7,19,37,95,99,68
915,89,0,0,5,12,41,97,99,99,70
916,90,0,0,1,9,13,14,7,8,75
917,85,0,0,4,19,33,3,0,1,64
918,90,0,0,21,36,31,25,96,3,73
919,93,0,0,2,4,9,6,35,56,75
920,87,0,0,10,30,35,95,99,99,69
921,92,0,0,7,15,19,40,84,98,68
922,87,0,0,4,10,37,82,96,97,74
923,89,0,0,21,26,38,88,97,99,72
924,91,0,0,1,2,12,24,74,97,67
925,91,0,0,4,29,15,28,91,98,71
926,95,0,0,3,10,13,7,18,89,69
927,89,0,0,1,8,25,33,86,95,68
928,91,0,0,1,2,2,10,24,77,71
929,92,0,0,5,2,13,28,6,5,66
930,92,0,0,11,20,25,37,29,99,65
931,94,0,0,3,6,18,25,29,73,70
932,90,0,0,2,9,31,93,94,13,71
933,87,0,0,1,7,16,30,94,99,67
934,88,0,0,14,37,34,94,93,98,67
935,88,0,0,3,5,29,71,88,99,73
936,92,0,0,0,6,26,95,97,99,74
937,96,0,0,17,48,44,94,97,90,72
938,89,0,0,3,22,28,66,97,98,66
939,86,0,0,2,13,34,83,93,94,74
940,90,0,0,2,8,12,30,12,8,66
941,86,0,0,3,8,41,90,99,98,73
942,90,0,0,5,3,5,0,2,10,70
943,87,0,0,5,13,34,37,99,99,69
944,95,0,0,4,18,35,46,90,93,73
945,90,0,0,12,20,33,37,91,99,74
946,86,0,0,3,22,29,21,8,97,69
947,92,0,0,4,5,14,6,23,91,69
948,93,0,0,12,33,34,95,99,99,59
949,93,0,0,10,27,31,24,33,68,66
950,87,0,0,1,10,50,90,97,99,68
951,90,0,0,2,9,10,34,93,98,72
952,95,0,0,3,2,8,10,34,73,66
953,92,0,0,5,18,40,34,91,97,67
954,93,0,0,1,10,31,90,96,97,73
955,85,0,0,3,8,26,77,99,99,73
956,87,0,0,17,25,43,80,93,97,76
957,93,0,0,24,33,35,45,86,93,73
958,87,0,0,0,1,23,40,29,61,65
959,87,0,0,5,29,63,91,99,100,71
960,93,0,0,2,11,7,26,29,7,71
961,88,0,0,11,22,25,35,37,13,73
962,89,0,0,13,22,38,94,96,91,72
963,86,0,0,2,20,55,87,93,96,75
964,90,0,0,1,2,10,34,70,97,68
965,93,0,0,4,10,31,25,90,99,66
966,92,0,0,15,33,61,92,93,82,74
967,95,0,0,2,9,8,29,98,98,72
968,89,0,0,4,21,37,89,93,98,69
969,90,0,0,2,9,4,0,4,9,67
970,91,0,0,2,18,28,10,29,14,65
971,90,0,0,8,28,35,35,96,63,75
972,90,0,0,1,2,8,13,29,16,72
973,90,0,0,3,17,27,37,93,99,73
974,90,0,0,15,36,39,88,93,97,76
975,92,0,0,3,11,32,31,80,98,71
976,89,0,0,12,19,23,24,77,94,71
977,89,0,0,4,2,3,8,70,99,67
978,88,0,0,8,6,7,14,33,89,70
979,94,0,0,17,24,35,39,82,99,73
980,94,0,0,5,26,38,41,41,79,66
981,92,0,0,4,19,28,94,95,97,72
982,88,0,0,5,1,7,31,70,58,65
983,89,0,0,1,8,26,40,95,99,74
984,94,0,0,8,25,21,27,83,79,74
985,91,0,0,2,8,9,25,91,99,73
986,87,0,0,10,33,36,40,92,98,72
987,91,0,0,10,23,45,94,94,92,66
988,89,0,0,11,17,3,10,70,60,71
989,83,0,0,2,8,18,29,87,94,74
990,90,0,0,6,11,11,35,92,99,74
991,90,0,0,17,30,38,88,91,73,73
992,91,0,0,10,26,33,85,95,96,74
993,92,0,0,0,2,7,34,91,98,69
994,93,0,0,5,5,20,27,68,95,69
995,85,0,0,1,9,34,44,84,94,68
996,89,0,0,4,15,94,98,98,96,69
997,87,0,0,4,15,36,88,94,99,69
998,85,0,0,11,30,42,85,88,95,73
999,91,0,0,2,19,39,72,70,93,74
1000,89,0,0,1,6,29,77,90,87,67
batch	training finished with avg : [84]
Histogram : 
batch	histogram [0] -> [0]
batch	histogram [10] -> [0]
batch	histogram [20] -> [0]
batch	histogram [30] -> [0]
batch	histogram [40] -> [0]
batch	histogram [50] -> [17]
batch	histogram [60] -> [28]
batch	histogram [70] -> [148]
batch	histogram [80] -> [604]
batch	histogram [90] -> [203]
batch	histogram [100] -> [0]
NET report : 
[0] -> [37805]
[1] -> [1895935]
[2] -> [1690833]
[3] -> [1670726]
[4] -> [1609549]
[5] -> [1573872]
[6] -> [1579710]
[7] -> [1643336]
Logger report : 
debug = 0
trace = 164256
info = 234639
important = 1000
error = 0
