net	clearing file [/home/kacper/ghrepo/reversi/BATCH]
batch	batch train : cycles count [1000]
1,55,0,0,0,0,0,0,0,0,97
2,61,0,0,0,0,0,0,0,0,87
3,62,0,0,0,0,0,0,0,0,92
4,57,0,0,0,0,0,0,0,0,97
5,65,0,0,0,0,0,0,0,0,98
6,58,0,0,0,0,0,0,0,0,89
7,75,0,0,0,0,0,0,0,2,86
8,57,0,0,0,0,0,0,0,1,82
9,72,0,0,0,0,0,0,3,25,88
10,67,0,0,0,0,0,0,0,2,81
11,71,0,0,0,0,0,0,45,94,94
12,67,0,0,0,0,0,0,62,96,88
13,72,0,0,0,0,0,10,89,95,86
14,68,0,0,0,0,0,26,67,67,91
15,70,0,0,0,0,0,27,89,97,97
16,74,0,0,0,0,0,7,7,36,87
17,71,0,0,0,0,0,84,90,98,89
18,75,0,0,0,0,0,77,93,99,91
19,66,0,0,0,0,0,13,15,79,86
20,71,0,0,0,0,0,50,81,94,86
21,76,0,0,0,0,0,18,27,39,95
22,72,0,0,0,0,0,53,87,98,88
23,79,0,0,0,0,0,75,77,94,93
24,77,0,0,0,0,0,17,48,95,92
25,84,0,0,0,0,0,27,55,92,89
26,68,0,0,0,0,0,93,96,97,87
27,79,0,0,0,0,2,88,90,94,95
28,72,0,0,0,0,3,40,91,99,87
29,70,0,0,0,0,9,28,66,89,81
30,76,0,0,0,0,2,68,60,87,85
31,78,0,0,0,0,5,12,25,61,85
32,70,0,0,0,0,8,10,64,90,83
33,82,0,0,0,0,20,58,94,96,85
34,76,0,0,0,0,23,43,64,97,85
35,84,0,0,0,0,18,68,95,81,86
36,80,0,0,0,0,24,50,48,27,86
37,73,0,0,0,0,7,23,17,14,81
38,78,0,0,0,0,6,7,9,6,86
39,88,0,0,0,0,2,3,47,85,85
40,81,0,0,0,0,23,54,92,90,89
41,80,0,0,0,0,27,52,40,96,85
42,80,0,0,0,0,2,29,83,99,89
43,79,0,0,0,0,34,74,93,96,92
44,81,0,0,0,0,33,43,96,99,86
45,80,0,0,0,0,17,66,94,99,97
46,81,0,0,0,0,6,49,78,62,88
47,72,0,0,0,0,85,89,99,99,90
48,80,0,0,0,0,56,88,97,99,93
49,76,0,0,0,0,10,12,38,61,88
50,81,0,0,0,0,3,13,74,95,82
51,83,0,0,0,0,24,22,91,99,95
52,80,0,0,0,1,51,92,90,98,90
53,89,0,0,0,1,38,57,85,98,87
54,75,0,0,0,0,48,53,79,96,83
55,72,0,0,0,1,13,36,85,89,93
56,72,0,0,0,8,18,37,36,45,87
57,81,0,0,0,16,41,16,67,94,88
58,79,0,0,0,34,53,74,94,93,88
59,76,0,0,0,27,51,85,86,98,91
60,81,0,0,0,10,32,30,61,97,93
61,84,0,0,0,16,28,73,93,99,97
62,86,0,0,0,11,6,16,50,94,93
63,84,0,0,0,22,58,93,95,97,96
64,77,0,0,0,26,42,60,83,97,89
65,86,0,0,0,4,19,51,79,97,89
66,83,0,0,0,1,2,20,63,70,86
67,84,0,0,0,8,54,83,92,95,94
68,88,0,0,0,11,9,49,91,99,87
69,79,0,0,0,6,31,46,83,98,95
70,79,0,0,0,11,35,67,95,99,91
71,70,0,0,0,21,59,75,93,97,88
72,83,0,0,0,23,75,83,93,91,97
73,78,0,0,0,8,23,56,87,99,88
74,80,0,0,0,2,14,33,83,98,93
75,83,0,0,0,17,19,11,36,82,94
76,83,0,0,0,4,13,14,20,22,88
77,83,0,0,0,2,9,5,33,91,94
78,80,0,0,0,19,41,54,54,92,86
79,77,0,0,0,25,87,94,98,99,95
80,87,0,0,0,24,29,9,27,29,95
81,90,0,0,0,4,11,22,24,4,94
82,82,0,0,0,8,21,63,95,97,96
83,80,0,0,0,16,29,87,99,98,88
84,84,0,0,0,2,22,32,41,89,93
85,86,0,0,0,2,10,34,83,91,93
86,84,0,0,0,21,14,6,34,45,89
87,85,0,0,0,4,18,3,3,33,85
88,90,0,0,0,2,23,41,70,84,90
89,87,0,0,0,12,12,29,62,92,88
90,85,0,0,0,10,18,48,88,85,84
91,86,0,0,0,23,39,94,94,98,90
92,86,0,0,0,21,23,23,87,97,87
93,84,0,0,0,16,16,15,9,15,88
94,86,0,0,0,35,65,87,94,94,90
95,83,0,0,0,13,32,69,84,92,95
96,87,0,0,0,8,24,68,85,90,82
97,88,0,0,0,6,11,9,22,88,94
98,84,0,0,0,4,32,39,6,28,89
99,86,0,0,0,5,25,31,81,99,88
100,86,0,0,0,23,42,58,83,99,96
101,82,0,0,0,2,12,90,78,84,92
102,88,0,0,0,2,8,22,70,99,91
103,83,0,0,0,15,22,60,97,99,92
104,83,0,0,0,50,82,85,89,97,94
105,89,0,0,0,2,3,5,17,34,87
106,90,0,0,0,3,10,7,23,83,82
107,86,0,0,0,13,73,93,92,93,95
108,81,0,0,0,19,30,73,95,94,87
109,85,0,0,0,27,20,33,97,99,86
110,85,0,0,0,7,24,34,71,27,90
111,80,0,0,0,11,17,28,27,22,92
112,84,0,0,0,2,13,49,94,99,92
113,82,0,0,0,11,11,12,9,20,83
114,84,0,0,0,1,32,62,52,67,87
115,86,0,0,0,10,22,47,70,94,86
116,92,0,0,0,15,13,48,80,84,88
117,85,0,0,0,3,8,13,17,30,89
118,79,0,0,0,15,27,35,76,94,84
119,91,0,0,0,4,28,31,77,94,92
120,92,0,0,0,5,9,33,75,84,93
121,87,0,0,0,7,32,19,14,20,93
122,87,0,0,0,4,9,33,74,62,82
123,84,0,0,0,21,40,28,19,75,91
124,92,0,0,0,26,82,80,94,97,92
125,89,0,0,0,10,16,23,30,54,89
126,88,0,0,0,38,64,83,89,93,87
127,87,0,0,1,5,46,92,87,89,97
128,88,0,0,0,17,52,89,98,93,89
129,86,0,0,0,18,31,55,83,94,86
130,88,0,0,0,13,2,5,7,6,92
131,83,0,0,1,6,14,24,32,40,82
132,83,0,0,0,1,7,5,9,13,85
133,91,0,0,5,39,57,71,91,97,94
134,85,0,0,8,17,2,13,17,5,82
135,87,0,0,1,7,22,22,17,43,89
136,77,0,0,2,6,32,53,63,64,88
137,93,0,0,1,20,10,3,4,7,89
138,88,0,0,1,23,73,93,98,99,89
139,89,0,0,11,12,54,75,95,87,87
140,83,0,0,2,3,4,14,14,89,85
141,88,0,0,9,43,86,92,94,81,98
142,88,0,0,10,20,17,13,12,12,83
143,85,0,0,0,9,20,9,59,98,88
144,85,0,0,8,21,56,79,53,61,87
145,83,0,0,2,20,49,85,94,99,85
146,82,0,0,10,29,72,84,99,100,96
147,84,0,0,2,8,5,84,91,97,94
148,83,0,0,2,19,60,85,84,61,87
149,86,0,0,2,15,15,18,47,72,80
150,86,0,0,10,22,61,83,86,82,89
151,87,0,0,22,49,85,94,96,99,86
152,88,0,0,6,24,55,85,96,96,83
153,84,0,0,6,13,23,28,79,74,90
154,82,0,0,6,15,4,6,54,92,87
155,86,0,0,9,10,25,59,62,78,83
156,87,0,0,17,15,26,49,86,99,90
157,83,0,0,4,31,65,91,79,93,85
158,89,0,0,5,7,16,6,36,59,86
159,91,0,0,14,23,46,74,93,98,93
160,85,0,0,7,24,43,82,95,97,92
161,91,0,0,8,42,76,77,52,96,86
162,90,0,0,16,18,37,75,87,99,92
163,86,0,0,5,12,65,88,87,96,85
164,87,0,0,8,9,20,63,92,96,91
165,88,0,0,11,23,56,83,93,97,84
166,87,0,0,3,18,14,23,38,32,86
167,90,0,0,1,3,17,27,85,88,88
168,84,0,0,2,6,5,4,2,45,84
169,92,0,0,1,8,27,30,93,98,83
170,91,0,0,3,18,19,11,30,84,83
171,87,0,0,4,10,20,24,1,25,92
172,89,0,0,9,33,40,54,91,89,85
173,87,0,0,8,32,41,46,83,96,91
174,82,0,0,15,26,31,40,90,81,88
175,84,0,0,2,4,63,62,74,94,87
176,91,0,0,0,3,18,58,92,94,81
177,96,0,0,10,31,75,83,90,93,90
178,89,0,0,3,5,5,18,14,8,89
179,87,0,0,1,3,11,6,6,14,84
180,86,0,0,3,3,13,31,49,97,91
181,82,0,0,3,26,18,31,84,98,91
182,90,0,0,6,5,24,34,71,94,88
183,92,0,0,16,28,45,61,64,81,94
184,90,0,0,3,2,13,51,79,83,90
185,91,0,0,0,8,27,48,74,80,87
186,90,0,0,1,3,15,35,62,93,88
187,83,0,0,5,19,39,79,52,93,94
188,89,0,0,2,5,25,32,85,99,91
189,88,0,0,1,8,77,91,98,99,86
190,87,0,0,6,6,5,41,67,70,88
191,94,0,0,1,6,14,28,59,69,89
192,86,0,0,33,37,92,95,98,90,105
193,95,0,0,4,19,28,29,50,94,88
194,84,0,0,0,2,7,65,91,97,85
195,91,0,0,2,3,20,43,80,94,84
196,84,0,0,6,30,54,94,99,99,96
197,88,0,0,1,6,30,74,99,100,91
198,92,0,0,1,2,4,14,60,92,84
199,90,0,0,1,17,29,45,88,97,92
200,89,0,0,25,44,46,95,98,98,88
201,83,0,0,23,40,85,91,96,99,96
202,88,0,0,1,14,62,90,90,97,84
203,90,0,0,3,10,6,4,33,78,83
204,83,0,0,2,7,14,18,29,44,87
205,85,0,0,2,14,79,90,98,97,86
206,93,0,0,3,9,13,27,70,92,84
207,86,0,0,20,22,31,56,80,75,90
208,91,0,0,13,27,28,35,44,95,83
209,86,0,0,2,9,55,77,93,97,91
210,87,0,0,2,22,69,84,96,99,93
211,84,0,0,3,15,5,23,85,98,81
212,93,0,0,2,10,77,80,60,75,93
213,88,0,0,7,21,32,77,95,98,85
214,93,0,0,1,2,7,21,79,92,88
215,89,0,0,15,7,3,2,11,14,84
216,85,0,0,4,20,29,10,80,99,84
217,91,0,0,10,18,23,14,51,94,89
218,88,0,0,2,12,15,39,83,82,87
219,87,0,0,9,9,9,60,98,99,88
220,93,0,0,1,5,11,26,69,98,83
221,85,0,0,2,9,30,65,86,94,84
222,90,0,0,13,17,46,60,92,95,90
223,86,0,0,30,40,61,84,90,94,99
224,91,0,0,5,12,4,12,46,74,84
225,89,0,0,2,11,31,65,95,95,98
226,86,0,0,21,33,80,88,94,86,93
227,91,0,0,5,24,48,85,97,97,84
228,93,0,0,4,5,22,39,75,98,89
229,87,0,0,2,4,17,41,47,85,94
230,91,0,0,1,6,15,51,69,52,92
231,90,0,0,4,6,18,29,24,80,81
232,86,0,0,3,10,2,18,79,80,93
233,91,0,0,3,2,5,7,8,43,84
234,89,0,0,5,19,16,21,32,60,86
235,89,0,0,1,5,4,8,75,98,90
236,91,0,0,3,18,29,24,8,31,93
237,90,0,0,9,6,20,38,87,97,83
238,95,0,0,2,14,35,31,94,99,85
239,91,0,0,13,10,12,21,93,96,95
240,95,0,0,4,21,43,53,93,99,86
241,88,0,0,5,17,92,95,97,100,94
242,98,0,0,1,11,40,42,77,85,87
243,86,0,0,9,24,11,12,56,55,83
244,89,0,0,1,11,28,52,84,92,80
245,88,0,0,2,16,63,63,34,67,87
246,89,0,0,3,6,51,66,81,89,82
247,87,0,0,1,2,29,89,96,98,88
248,93,0,0,3,4,5,55,94,97,85
249,86,0,0,5,14,27,39,69,95,83
250,93,0,0,2,3,5,5,47,70,81
251,91,0,0,3,22,43,88,89,94,91
252,93,0,0,3,2,33,84,91,25,91
253,90,0,0,4,17,38,36,74,94,93
254,91,0,0,6,18,21,24,87,98,85
255,90,0,0,8,8,29,83,93,96,94
256,94,0,0,8,3,20,40,84,99,84
257,91,0,0,3,4,11,33,32,15,89
258,76,0,0,20,50,81,95,98,99,97
259,91,0,0,5,21,28,25,66,83,90
260,85,0,0,5,20,38,82,89,99,92
261,90,0,0,9,7,5,15,67,78,90
262,87,0,0,3,20,27,30,64,98,85
263,86,0,0,6,11,27,77,87,87,90
264,86,0,0,2,19,41,85,93,99,96
265,86,0,0,10,30,49,85,97,99,99
266,89,0,0,2,4,8,60,95,96,86
267,91,0,0,4,6,15,80,95,97,90
268,93,0,0,3,18,20,15,75,60,91
269,92,0,0,2,3,6,11,76,93,86
270,88,0,0,16,38,33,34,38,31,85
271,88,0,0,4,5,15,27,81,96,93
272,81,0,0,3,3,43,61,89,76,81
273,91,0,0,3,19,40,84,82,88,93
274,87,0,0,6,9,16,12,23,30,86
275,92,0,0,5,24,73,83,90,97,85
276,88,0,0,10,30,28,75,87,93,84
277,85,0,0,14,66,61,43,22,33,90
278,89,0,0,2,5,25,33,85,90,87
279,90,0,0,4,8,5,5,44,80,82
280,91,0,0,2,56,58,83,83,99,96
281,89,0,0,5,21,43,93,94,95,93
282,88,0,0,3,5,16,61,45,85,87
283,88,0,0,2,8,35,82,95,99,87
284,93,0,0,6,17,11,22,52,88,89
285,90,0,0,23,25,46,72,92,93,88
286,93,0,0,2,7,22,27,12,15,85
287,85,0,0,1,2,9,22,47,43,82
288,94,0,0,5,11,9,45,13,35,88
289,93,0,0,9,36,60,68,93,98,87
290,85,0,0,1,10,42,89,98,99,93
291,89,0,0,2,11,23,26,92,95,91
292,88,0,0,2,4,3,6,6,9,78
293,90,0,0,5,10,26,92,98,99,89
294,90,0,0,11,13,2,4,15,93,87
295,86,0,0,19,14,35,70,95,98,85
296,86,0,0,13,34,46,8,18,31,91
297,90,0,0,1,1,9,21,28,65,87
298,88,0,0,4,17,54,86,84,97,87
299,92,0,0,10,9,5,11,29,38,82
300,92,0,0,2,16,39,34,84,98,90
301,93,0,0,16,6,6,43,66,89,80
302,89,0,0,6,8,22,74,93,97,83
303,93,0,0,16,13,11,31,37,88,94
304,90,0,0,3,15,32,51,92,98,91
305,91,0,0,21,20,41,59,95,99,94
306,91,0,0,5,11,23,15,71,95,90
307,89,0,0,2,25,26,36,83,92,88
308,88,0,0,2,6,6,9,15,24,83
309,87,0,0,7,1,7,23,71,79,88
310,91,0,0,2,2,5,22,46,70,90
311,89,0,0,1,2,5,19,79,97,87
312,88,0,0,7,10,33,73,90,100,90
313,87,0,0,2,8,40,16,2,7,83
314,91,0,0,1,2,10,10,4,5,85
315,91,0,0,12,12,4,2,5,17,88
316,90,0,0,7,3,30,32,48,29,85
317,86,0,0,3,14,16,22,32,28,80
318,92,0,0,4,13,40,51,83,99,93
319,90,0,0,4,12,17,19,59,93,91
320,89,0,0,1,3,15,24,71,66,80
321,85,0,0,16,35,33,45,66,58,89
322,93,0,0,12,23,64,91,97,99,87
323,92,0,0,8,4,22,13,36,8,82
324,90,0,0,4,11,22,65,82,98,84
325,85,0,0,2,1,4,26,36,89,88
326,91,0,0,0,3,8,11,76,77,88
327,88,0,0,6,4,87,93,97,99,85
328,90,0,0,8,20,37,45,92,98,88
329,88,0,0,3,2,9,13,41,66,87
330,87,0,0,2,8,13,78,98,99,89
331,87,0,0,3,35,63,88,93,97,91
332,98,0,0,4,16,19,25,76,96,92
333,93,0,0,13,33,41,68,91,99,89
334,93,0,0,7,32,47,78,91,97,96
335,93,0,0,5,4,10,36,86,86,94
336,90,0,0,2,3,7,20,39,98,90
337,87,0,0,3,37,64,90,98,99,90
338,92,0,0,2,6,21,13,45,88,82
339,90,0,0,3,16,78,88,87,83,88
340,94,0,0,9,8,34,33,30,59,82
341,93,0,0,10,29,46,83,91,96,93
342,94,0,0,4,15,48,92,90,98,97
343,93,0,0,13,20,23,55,86,98,99
344,88,0,0,4,7,11,22,52,91,86
345,92,0,0,12,24,25,36,74,98,90
346,86,0,0,8,12,42,75,64,95,85
347,94,0,0,2,5,18,40,92,99,87
348,88,0,0,7,20,34,92,99,99,97
349,93,0,0,16,27,38,88,94,98,90
350,89,0,0,2,4,21,81,84,89,86
351,92,0,0,3,5,8,18,55,58,82
352,88,0,0,2,4,4,62,93,94,92
353,91,0,0,6,10,7,10,8,38,84
354,94,0,0,26,24,35,32,31,96,88
355,92,0,0,8,37,68,84,97,98,88
356,88,0,0,2,3,32,59,64,89,90
357,91,0,0,6,23,75,97,96,97,87
358,88,0,0,2,3,53,84,89,96,91
359,87,0,0,6,23,43,69,82,98,84
360,91,0,0,3,4,18,9,10,23,82
361,96,0,0,2,23,70,83,92,92,89
362,86,0,0,5,26,33,43,94,97,91
363,86,0,0,2,6,25,37,28,75,82
364,90,0,0,3,27,28,16,45,52,86
365,91,0,0,12,15,45,80,97,97,90
366,89,0,0,13,7,28,48,30,42,82
367,90,0,0,1,3,19,25,10,67,85
368,92,0,0,10,18,17,68,96,95,84
369,90,0,0,1,3,3,11,63,96,81
370,95,0,0,2,12,43,52,71,98,87
371,82,0,0,2,5,26,45,65,96,96
372,81,0,0,8,4,5,32,70,99,82
373,89,0,0,3,7,18,52,76,79,81
374,94,0,0,13,33,58,90,91,95,91
375,90,0,0,8,21,36,93,96,99,83
376,86,0,0,16,31,49,84,96,100,94
377,92,0,0,9,24,32,88,97,97,90
378,93,0,0,1,3,10,43,92,100,90
379,87,0,0,5,19,68,91,93,99,92
380,97,0,0,10,21,40,62,87,89,85
381,85,0,0,2,2,20,80,76,96,88
382,88,0,0,2,3,5,11,6,8,85
383,91,0,0,3,5,20,56,88,97,91
384,93,0,0,9,31,39,59,92,98,95
385,87,0,0,2,14,51,77,93,99,92
386,85,0,0,1,13,32,72,73,97,85
387,93,0,0,2,2,16,6,34,54,88
388,92,0,0,3,6,6,45,12,4,86
389,94,0,0,7,35,26,10,30,87,88
390,90,0,0,12,25,38,44,82,91,85
391,85,0,0,7,14,51,90,87,86,83
392,86,0,0,4,2,3,3,58,95,83
393,90,0,0,6,17,15,63,80,96,81
394,99,0,0,3,16,28,46,90,99,90
395,91,0,0,1,5,14,35,63,91,83
396,92,0,0,4,3,4,13,75,98,82
397,88,0,0,7,23,21,25,25,84,87
398,86,0,0,6,35,70,75,77,90,89
399,90,0,0,3,3,44,87,98,98,84
400,87,0,0,17,29,26,48,69,84,90
401,90,0,0,18,18,3,7,57,93,84
402,91,0,0,10,10,14,10,6,41,78
403,91,0,0,17,17,13,16,59,95,84
404,89,0,0,2,1,8,45,84,98,87
405,91,0,0,2,18,20,13,60,86,84
406,90,0,0,12,26,32,43,50,96,84
407,93,0,0,2,6,9,18,87,98,85
408,93,0,0,1,5,33,77,93,97,82
409,95,0,0,15,59,90,91,90,91,85
410,89,0,0,4,4,7,26,86,99,84
411,89,0,0,23,55,80,94,97,99,94
412,88,0,0,1,2,23,56,48,55,84
413,92,0,0,4,26,28,23,26,90,87
414,94,0,0,13,29,48,55,79,76,91
415,90,0,0,3,2,3,45,74,98,85
416,90,0,0,21,39,89,95,95,97,91
417,92,0,0,4,18,38,32,48,77,88
418,84,0,0,2,7,7,8,48,95,81
419,95,0,0,1,27,89,95,88,95,91
420,89,0,0,1,23,54,76,76,94,81
421,89,0,0,2,23,37,40,74,76,83
422,93,0,0,5,30,37,59,96,96,92
423,88,0,0,4,27,42,60,62,96,81
424,91,0,0,16,26,59,90,98,99,84
425,93,0,0,10,15,9,13,7,11,82
426,87,0,0,2,15,16,30,62,82,96
427,88,0,0,8,27,75,84,92,97,93
428,92,0,0,8,45,91,94,98,95,99
429,88,0,0,3,24,47,53,65,91,89
430,95,0,0,2,3,6,6,13,78,86
431,91,0,0,1,9,23,56,84,99,83
432,89,0,0,3,11,31,41,63,85,86
433,91,0,0,2,13,12,9,35,93,86
434,89,0,0,2,3,46,90,96,98,94
435,91,0,0,3,32,34,76,93,99,89
436,93,0,0,4,13,23,39,39,40,82
437,91,0,0,2,10,26,19,22,68,79
438,95,0,0,1,3,8,22,20,69,87
439,91,0,0,1,2,16,69,96,99,83
440,93,0,0,1,8,27,34,66,92,87
441,92,0,0,17,24,18,13,3,8,81
442,88,0,0,2,1,2,4,29,79,85
443,86,0,0,2,3,4,4,12,27,86
444,82,0,0,6,23,50,59,88,98,90
445,88,0,0,0,1,3,32,94,99,87
446,90,0,0,9,33,57,42,79,94,85
447,86,0,0,1,1,2,11,64,81,80
448,91,0,0,2,5,10,17,13,72,84
449,89,0,0,3,7,65,91,95,98,94
450,87,0,0,4,15,40,66,87,98,81
451,85,0,0,1,3,38,76,93,99,85
452,90,0,0,1,8,43,63,78,91,87
453,84,0,0,3,16,24,29,92,96,86
454,94,0,0,7,4,19,13,7,6,78
455,91,0,0,7,13,21,55,45,43,86
456,91,0,0,6,26,41,74,87,96,86
457,95,0,0,1,2,3,5,29,65,78
458,92,0,0,19,29,54,63,50,88,81
459,92,0,0,2,2,18,28,23,28,84
460,86,0,0,1,9,18,48,93,98,83
461,94,0,0,1,1,16,73,96,99,90
462,94,0,0,13,25,35,76,90,98,86
463,95,0,0,15,33,63,89,97,98,92
464,89,0,0,4,22,39,37,66,87,90
465,87,0,0,13,40,74,92,95,99,85
466,89,0,0,28,86,96,96,95,99,106
467,92,0,0,2,3,14,46,94,94,88
468,91,0,0,3,12,25,42,92,99,88
469,82,0,0,12,14,24,34,87,98,88
470,90,0,0,5,11,15,32,82,97,86
471,94,0,0,1,5,22,49,97,96,81
472,90,0,0,14,22,19,66,91,98,86
473,90,0,0,1,15,36,51,70,99,91
474,94,0,0,20,40,90,98,99,99,86
475,85,0,0,2,5,26,85,99,99,92
476,94,0,0,5,24,23,12,7,14,77
477,93,0,0,2,10,19,58,47,91,81
478,91,0,1,10,16,46,74,93,99,80
479,89,0,0,3,25,82,90,98,99,83
480,93,0,0,2,21,42,79,97,99,94
481,91,0,0,5,26,67,86,83,85,90
482,90,0,0,3,14,18,25,39,94,82
483,88,0,0,3,7,30,13,72,90,79
484,86,0,0,1,8,13,26,24,27,79
485,83,0,0,2,6,21,70,85,97,78
486,88,0,0,4,11,8,12,25,67,76
487,85,0,0,5,24,29,58,94,98,87
488,94,0,0,1,2,11,4,25,47,78
489,91,0,0,2,4,32,86,89,76,86
490,94,0,0,3,2,2,9,47,94,78
491,90,0,0,2,2,5,36,69,88,79
492,88,0,0,4,1,23,46,37,58,82
493,88,0,0,1,2,15,34,13,5,84
494,95,0,0,8,17,10,15,15,26,85
495,92,0,1,6,21,59,81,94,92,80
496,92,0,0,9,16,34,18,73,99,78
497,88,0,0,3,3,7,7,17,60,77
498,94,0,0,7,44,83,95,96,66,92
499,90,0,0,1,4,39,75,83,95,83
500,88,0,0,1,3,25,58,83,79,85
501,89,0,0,2,1,11,82,91,87,81
502,91,0,0,4,35,53,91,87,94,89
503,86,0,0,2,6,14,21,43,91,77
504,90,0,0,21,56,69,83,94,99,87
505,88,0,0,0,3,5,6,14,31,76
506,89,0,0,4,23,80,95,98,98,82
507,88,0,0,1,5,6,24,88,97,79
508,94,0,0,1,9,26,32,36,70,88
509,93,0,0,3,3,7,4,13,38,86
510,94,0,1,19,20,41,75,85,98,84
511,95,0,0,3,5,26,55,91,89,93
512,90,0,0,3,21,51,87,98,99,90
513,85,0,0,3,12,69,86,82,81,83
514,92,0,0,4,16,63,89,96,98,86
515,92,0,1,4,6,11,24,70,91,83
516,93,0,0,8,16,25,31,58,68,86
517,96,0,0,2,6,24,37,48,74,84
518,91,0,0,5,28,40,43,74,92,87
519,94,0,0,2,15,23,22,43,92,92
520,90,0,0,4,21,44,81,90,97,89
521,87,0,0,2,6,15,53,87,73,84
522,90,0,0,1,6,18,20,48,96,87
523,89,0,0,4,6,15,54,91,98,88
524,94,0,1,2,8,4,8,40,93,85
525,95,0,0,1,0,0,0,0,0,34
526,92,0,0,10,29,41,52,87,88,85
527,94,0,0,1,20,28,42,75,97,87
528,91,0,0,12,23,30,32,24,69,85
529,93,0,1,1,10,18,33,93,99,89
530,86,0,0,2,3,5,3,37,83,88
531,95,0,0,5,29,79,90,94,62,86
532,85,0,0,4,30,71,84,84,99,91
533,96,0,0,1,8,19,59,72,53,87
534,90,0,0,24,47,58,52,44,90,85
535,95,0,0,2,6,16,78,92,74,85
536,93,0,0,6,6,6,20,75,99,78
537,90,0,0,3,7,36,73,92,92,87
538,90,0,0,4,3,21,77,96,92,86
539,93,0,0,2,15,24,37,64,98,81
540,90,0,0,2,8,18,33,58,25,86
541,92,0,0,22,23,19,24,45,48,81
542,88,0,0,3,8,29,73,93,90,80
543,88,0,0,3,26,68,90,96,88,91
544,92,0,0,2,25,36,59,89,99,84
545,95,0,0,5,13,26,47,91,99,88
546,93,0,1,3,9,14,30,76,81,78
547,96,0,1,14,26,40,67,94,98,91
548,93,0,1,2,11,26,28,65,80,84
549,89,0,1,21,35,38,31,90,94,84
550,93,0,1,2,5,5,32,85,77,89
551,91,0,0,3,4,3,47,88,96,90
552,92,0,1,6,3,24,79,88,96,94
553,93,0,0,4,28,39,50,84,98,90
554,94,0,0,12,29,34,48,83,99,85
555,91,0,2,29,33,35,29,56,87,88
556,91,0,0,8,23,38,54,86,99,85
557,96,0,1,5,40,45,80,91,94,94
558,91,0,1,8,39,48,64,89,94,93
559,93,0,1,1,11,55,88,94,98,82
560,92,0,0,8,17,14,2,12,15,81
561,92,0,2,20,15,29,53,81,96,81
562,86,0,1,5,9,10,6,15,39,84
563,89,0,1,15,18,28,54,87,44,89
564,90,0,0,0,3,2,12,42,90,78
565,92,0,0,13,31,60,93,99,99,93
566,93,0,2,16,14,12,18,19,34,82
567,91,1,1,4,6,13,83,93,96,89
568,92,0,3,29,26,22,56,63,86,89
569,94,0,0,7,16,45,83,91,95,88
570,88,0,1,0,3,3,36,88,71,85
571,87,0,1,2,5,4,6,42,94,80
572,89,0,1,12,12,80,88,92,79,88
573,88,0,0,5,17,33,81,94,98,87
574,93,0,0,3,8,40,57,69,93,86
575,88,0,0,1,6,8,25,78,98,85
576,92,0,1,3,1,4,24,88,99,89
577,96,0,0,5,11,22,5,23,86,83
578,95,0,1,3,6,5,4,36,60,81
579,89,0,0,2,4,4,4,27,43,84
580,93,0,1,1,6,29,34,66,94,89
581,89,0,1,3,8,32,80,88,99,83
582,90,0,2,17,28,42,87,98,97,91
583,92,0,0,17,34,62,91,86,96,88
584,93,0,1,4,8,4,33,82,84,87
585,93,0,2,10,16,25,34,59,87,88
586,95,0,2,1,1,4,9,49,91,76
587,91,0,1,2,29,60,49,72,99,91
588,86,0,1,4,7,66,91,96,99,85
589,90,0,0,0,14,32,75,92,96,89
590,94,0,1,4,3,10,11,10,56,86
591,97,0,0,9,19,63,93,91,88,89
592,94,0,0,7,10,21,53,98,99,81
593,93,0,0,2,25,40,43,81,99,89
594,95,0,0,1,4,8,22,40,90,83
595,88,0,0,2,5,8,20,27,51,84
596,83,0,0,8,43,71,93,93,93,87
597,94,0,0,12,34,49,82,97,98,92
598,90,0,3,21,68,95,99,99,100,90
599,93,0,0,3,14,21,45,69,58,87
600,90,0,1,15,22,71,85,93,98,92
601,92,0,0,7,13,31,32,85,99,91
602,92,0,0,5,15,36,81,77,97,86
603,91,0,1,3,2,11,22,46,96,78
604,91,0,1,17,14,5,22,83,96,89
605,87,0,1,6,19,35,67,96,99,80
606,88,0,0,9,18,44,84,96,98,89
607,92,0,0,10,24,60,93,98,98,87
608,92,0,0,7,20,23,35,73,98,88
609,87,0,0,2,7,15,29,73,95,85
610,88,0,1,8,29,35,77,92,98,84
611,93,0,0,4,14,8,21,23,60,76
612,92,0,0,1,5,28,83,97,98,83
613,90,0,1,6,6,3,9,15,33,83
614,96,0,0,0,5,13,62,95,97,92
615,90,0,1,14,37,83,85,94,100,85
616,92,0,0,4,12,28,27,30,77,78
617,88,0,1,16,24,32,20,58,60,90
618,90,0,0,6,9,26,81,95,93,84
619,91,0,1,2,25,63,76,95,99,85
620,94,0,1,19,54,77,88,88,91,89
621,92,0,1,20,53,73,88,96,98,87
622,94,0,1,2,5,34,62,82,91,82
623,89,0,1,3,7,32,45,91,98,89
624,92,0,1,1,3,15,13,71,46,88
625,97,0,0,1,1,15,50,92,98,86
626,92,0,2,26,46,77,90,98,99,91
627,94,0,2,1,27,43,72,88,97,85
628,93,0,1,4,3,15,34,48,97,79
629,94,0,1,1,10,39,38,85,98,83
630,94,0,2,2,3,23,16,7,5,86
631,95,0,0,14,21,45,83,95,95,84
632,93,0,0,5,3,4,7,45,79,83
633,91,0,2,21,32,83,88,88,92,92
634,91,0,1,6,46,82,92,98,98,95
635,87,0,1,4,32,83,97,99,98,91
636,93,0,1,1,3,4,6,45,91,86
637,92,0,2,22,47,79,92,99,99,95
638,92,0,2,18,17,23,32,71,87,90
639,90,0,1,2,4,15,56,74,79,82
640,94,0,1,1,1,5,24,70,78,90
641,91,0,1,1,4,18,42,61,92,88
642,91,0,3,9,10,10,19,47,86,78
643,95,0,1,2,13,40,67,94,96,90
644,91,0,1,2,14,24,24,33,80,90
645,93,0,1,9,15,33,70,93,99,88
646,93,0,9,12,19,31,19,66,95,81
647,93,0,0,6,22,59,91,93,98,90
648,88,0,1,1,7,26,69,89,96,88
649,93,0,1,1,3,3,5,62,84,80
650,94,0,1,5,13,6,27,86,93,83
651,95,0,2,13,16,33,89,97,98,80
652,96,0,2,1,16,74,79,96,99,91
653,95,0,0,4,12,20,28,46,80,83
654,91,0,1,2,2,29,83,93,91,80
655,90,0,2,23,45,87,93,98,98,94
656,94,0,0,3,7,20,28,45,85,81
657,89,0,0,9,25,38,88,97,99,90
658,88,0,0,17,54,89,94,99,99,94
659,87,0,3,24,48,74,77,59,92,91
660,93,0,1,1,7,8,51,38,73,83
661,91,0,0,5,15,30,48,78,89,84
662,90,0,1,15,35,45,79,98,98,84
663,91,0,0,4,14,27,69,75,96,79
664,91,0,1,11,31,34,74,69,94,86
665,93,0,0,4,7,31,37,74,99,85
666,86,0,2,3,13,6,63,87,91,79
667,92,0,2,5,17,24,11,9,18,77
668,87,0,1,1,27,27,67,87,98,87
669,90,0,2,5,14,15,38,88,92,86
670,89,0,0,2,12,29,26,5,34,83
671,92,0,1,7,16,35,69,92,98,85
672,96,0,4,11,23,25,9,8,19,76
673,89,0,1,6,48,53,88,95,99,83
674,96,0,0,2,13,3,6,4,83,84
675,89,0,2,13,19,25,83,96,99,87
676,94,0,1,2,7,22,48,86,92,81
677,89,0,0,8,28,30,25,68,94,78
678,94,0,0,4,25,48,93,97,98,94
679,95,0,0,3,9,20,23,81,91,89
680,90,0,1,3,5,12,66,92,94,87
681,86,0,1,3,3,25,33,13,63,81
682,96,0,1,4,26,32,11,8,6,78
683,90,0,1,3,18,31,26,88,97,79
684,94,0,1,7,18,30,81,91,98,91
685,92,0,2,6,17,3,8,22,15,71
686,95,0,1,1,2,4,36,72,85,86
687,93,0,0,1,21,31,27,37,52,81
688,91,0,1,3,17,31,79,89,96,85
689,96,0,1,2,1,7,30,73,88,79
690,91,0,1,12,33,48,68,85,93,84
691,96,0,0,4,6,12,14,56,31,78
692,92,0,1,2,11,2,5,39,96,81
693,94,0,1,5,5,19,32,46,75,84
694,94,0,1,1,10,14,13,19,46,83
695,88,0,1,1,1,16,68,78,71,84
696,91,0,0,0,1,9,26,63,66,81
697,88,0,2,20,23,15,33,43,35,79
698,88,0,1,1,16,66,82,99,99,90
699,92,0,1,1,5,10,34,92,99,80
700,91,0,0,3,34,42,63,71,78,80
701,89,0,0,3,3,8,41,80,98,79
702,94,0,1,2,1,16,38,69,90,83
703,87,0,1,6,30,50,88,98,97,83
704,94,0,1,7,41,77,85,98,98,84
705,89,0,0,2,2,5,13,36,72,84
706,96,0,0,4,3,12,30,45,82,85
707,97,0,0,2,14,20,16,60,94,79
708,94,0,2,1,12,30,27,84,94,79
709,88,0,1,4,31,69,93,94,98,90
710,95,0,1,7,28,43,71,84,92,84
711,90,0,0,4,4,14,45,39,80,83
712,93,0,1,0,1,7,44,92,98,82
713,93,0,3,20,30,77,89,95,99,89
714,95,0,2,2,2,8,30,67,72,85
715,92,0,1,3,15,30,31,45,97,88
716,96,0,1,1,4,8,6,14,78,79
717,96,0,1,1,4,14,36,93,92,79
718,91,0,0,7,10,44,87,89,93,87
719,92,0,1,4,32,38,69,89,98,93
720,93,0,1,4,4,9,20,16,25,86
721,94,0,0,15,27,51,90,93,98,99
722,93,0,0,5,6,38,69,96,77,94
723,90,0,0,4,6,23,43,94,99,89
724,96,0,9,6,3,56,73,86,99,86
725,93,0,1,6,40,54,89,96,90,91
726,87,0,1,24,29,38,76,85,96,91
727,90,0,1,2,4,12,23,20,44,84
728,92,0,1,2,3,17,54,92,100,89
729,94,0,3,17,9,28,85,98,98,90
730,94,0,1,2,2,76,92,97,99,85
731,91,0,1,7,10,7,27,32,86,90
732,86,0,1,6,9,20,15,33,67,80
733,89,0,1,17,38,53,60,88,95,89
734,90,0,2,10,26,39,64,22,21,85
735,95,0,1,18,21,75,94,94,99,83
736,97,0,3,11,39,51,73,78,92,87
737,89,0,2,18,35,28,32,77,67,84
738,91,0,0,1,2,3,16,84,97,85
739,92,0,1,2,13,34,66,87,99,87
740,90,0,2,9,17,12,20,30,29,83
741,92,0,1,7,18,38,86,92,98,82
742,95,0,1,2,3,7,34,69,98,82
743,93,0,1,4,12,23,19,55,92,78
744,88,0,0,0,1,6,16,43,89,83
745,93,0,0,5,10,40,84,82,97,77
746,87,0,2,3,11,23,34,74,84,87
747,88,0,2,14,48,84,91,92,99,84
748,94,0,1,1,2,26,30,74,97,87
749,98,0,0,8,37,50,78,98,99,86
750,88,0,1,1,11,70,76,86,94,87
751,87,0,1,1,1,7,5,8,49,79
752,99,0,0,3,9,31,20,55,93,87
753,95,0,4,13,17,42,40,65,85,87
754,94,0,3,10,17,38,50,66,94,84
755,93,0,1,3,14,24,82,88,94,82
756,89,0,1,2,4,10,6,2,31,83
757,93,0,1,6,19,30,47,74,97,87
758,91,0,1,7,21,39,73,60,78,87
759,95,0,1,14,30,29,16,29,90,79
760,96,0,2,2,1,5,8,21,12,78
761,91,0,0,2,2,12,33,90,94,85
762,92,0,2,13,56,86,90,99,99,91
763,87,0,1,10,41,76,86,86,93,92
764,90,0,1,2,8,18,25,49,89,80
765,95,0,0,1,4,27,35,75,92,89
766,91,0,0,1,4,46,90,92,94,85
767,92,0,1,8,17,23,48,88,96,85
768,91,0,2,2,7,13,77,88,84,82
769,90,0,1,2,8,47,86,93,98,79
770,92,0,0,3,17,34,45,25,24,86
771,96,0,3,2,5,13,47,54,98,81
772,88,0,4,19,30,37,68,87,97,86
773,91,0,1,4,7,17,59,87,99,78
774,91,0,2,8,10,11,31,76,79,77
775,85,0,1,7,50,87,91,92,98,84
776,93,0,1,3,9,49,76,85,96,89
777,95,0,0,2,3,13,58,96,99,80
778,92,0,0,11,29,21,27,75,96,84
779,91,0,0,2,5,44,84,87,97,88
780,91,0,0,9,14,59,85,71,64,81
781,87,0,1,3,20,35,71,94,99,83
782,94,0,0,1,2,8,36,62,87,81
783,92,0,0,1,11,10,40,79,98,83
784,93,0,2,4,4,9,8,17,70,76
785,90,0,1,6,1,13,20,55,84,86
786,94,0,2,15,24,18,26,17,19,86
787,93,0,1,2,4,5,20,79,98,77
788,94,0,0,3,5,19,22,56,96,80
789,92,0,1,7,20,11,23,52,97,81
790,92,0,7,27,32,14,10,23,74,83
791,94,0,0,3,8,33,84,96,89,89
792,91,0,1,8,25,82,84,96,98,86
793,94,0,1,1,2,8,47,93,99,81
794,91,0,1,1,4,6,13,69,97,77
795,91,0,1,6,12,5,21,14,7,80
796,91,0,0,4,4,16,46,77,96,91
797,89,0,1,22,59,86,92,99,99,83
798,92,0,1,6,17,36,82,90,98,88
799,91,0,1,4,25,41,68,87,95,88
800,92,0,1,1,6,24,37,81,98,84
801,93,0,0,1,20,38,86,94,97,86
802,90,0,0,1,11,36,25,19,49,84
803,92,0,1,2,16,21,14,34,84,81
804,93,0,0,7,18,43,84,84,97,85
805,91,0,2,8,27,39,37,78,98,82
806,94,0,0,3,6,13,57,90,97,89
807,90,0,0,1,4,24,51,83,86,85
808,90,0,1,2,16,58,90,100,100,97
809,88,0,1,4,17,27,71,74,58,87
810,93,0,1,5,6,7,11,47,93,76
811,94,0,0,2,27,39,92,99,99,90
812,89,0,0,7,22,33,83,82,96,88
813,91,0,1,1,3,18,17,55,90,81
814,93,0,1,13,14,22,75,97,98,86
815,90,0,1,1,6,15,24,58,86,83
816,93,0,1,4,10,34,78,97,97,89
817,94,0,1,6,35,49,47,81,97,84
818,91,0,0,1,5,1,12,15,12,84
819,91,0,1,2,11,20,18,72,81,83
820,92,0,1,7,31,44,85,83,97,81
821,86,0,1,14,28,86,84,95,96,81
822,90,0,2,14,9,22,18,22,9,76
823,94,0,2,5,17,16,49,85,97,90
824,93,0,0,6,21,39,95,94,100,101
825,92,0,1,7,6,16,15,71,67,86
826,90,0,4,19,35,58,89,93,98,80
827,94,0,1,0,1,4,27,90,87,81
828,92,0,0,6,2,27,63,77,87,86
829,89,0,1,4,7,23,33,73,99,86
830,92,0,2,17,54,75,71,65,70,87
831,92,0,0,5,11,22,87,95,99,95
832,90,0,1,1,17,42,52,91,99,92
833,88,0,0,9,7,7,2,12,74,86
834,93,0,0,7,8,7,25,86,97,85
835,87,0,5,21,17,10,4,3,47,88
836,90,0,0,4,27,78,96,98,96,88
837,86,0,0,4,18,26,33,53,99,87
838,96,0,1,14,33,36,64,92,95,92
839,89,0,2,6,7,29,53,79,96,81
840,92,0,4,23,37,51,88,97,99,84
841,95,0,1,21,30,75,89,94,98,91
842,90,0,1,1,1,2,5,31,42,87
843,89,0,2,5,7,23,48,76,95,86
844,89,0,4,3,13,65,94,84,70,88
845,88,0,1,12,24,31,83,72,64,91
